c:\users\nat\cloudstation\courses\3eme annee canada\intelligence artificielle pour le jeu video\ex\mini-projet\vs2015\buckland_chapter7 to 10_raven\release\vc142.pdb
c:\users\nat\cloudstation\courses\3eme annee canada\intelligence artificielle pour le jeu video\ex\mini-projet\vs2015\buckland_chapter7 to 10_raven\release\main.sbr
c:\users\nat\cloudstation\courses\3eme annee canada\intelligence artificielle pour le jeu video\ex\mini-projet\vs2015\buckland_chapter7 to 10_raven\release\raven_bot.sbr
c:\users\nat\cloudstation\courses\3eme annee canada\intelligence artificielle pour le jeu video\ex\mini-projet\vs2015\buckland_chapter7 to 10_raven\release\raven_game.sbr
c:\users\nat\cloudstation\courses\3eme annee canada\intelligence artificielle pour le jeu video\ex\mini-projet\vs2015\buckland_chapter7 to 10_raven\release\raven_map.sbr
c:\users\nat\cloudstation\courses\3eme annee canada\intelligence artificielle pour le jeu video\ex\mini-projet\vs2015\buckland_chapter7 to 10_raven\release\raven_weapon.sbr
c:\users\nat\cloudstation\courses\3eme annee canada\intelligence artificielle pour le jeu video\ex\mini-projet\vs2015\buckland_chapter7 to 10_raven\release\weapon_blaster.sbr
c:\users\nat\cloudstation\courses\3eme annee canada\intelligence artificielle pour le jeu video\ex\mini-projet\vs2015\buckland_chapter7 to 10_raven\release\weapon_railgun.sbr
c:\users\nat\cloudstation\courses\3eme annee canada\intelligence artificielle pour le jeu video\ex\mini-projet\vs2015\buckland_chapter7 to 10_raven\release\weapon_rocketlauncher.sbr
c:\users\nat\cloudstation\courses\3eme annee canada\intelligence artificielle pour le jeu video\ex\mini-projet\vs2015\buckland_chapter7 to 10_raven\release\weapon_shotgun.sbr
c:\users\nat\cloudstation\courses\3eme annee canada\intelligence artificielle pour le jeu video\ex\mini-projet\vs2015\buckland_chapter7 to 10_raven\release\projectile_bolt.sbr
c:\users\nat\cloudstation\courses\3eme annee canada\intelligence artificielle pour le jeu video\ex\mini-projet\vs2015\buckland_chapter7 to 10_raven\release\projectile_pellet.sbr
c:\users\nat\cloudstation\courses\3eme annee canada\intelligence artificielle pour le jeu video\ex\mini-projet\vs2015\buckland_chapter7 to 10_raven\release\projectile_rocket.sbr
c:\users\nat\cloudstation\courses\3eme annee canada\intelligence artificielle pour le jeu video\ex\mini-projet\vs2015\buckland_chapter7 to 10_raven\release\projectile_slug.sbr
c:\users\nat\cloudstation\courses\3eme annee canada\intelligence artificielle pour le jeu video\ex\mini-projet\vs2015\buckland_chapter7 to 10_raven\release\raven_projectile.sbr
c:\users\nat\cloudstation\courses\3eme annee canada\intelligence artificielle pour le jeu video\ex\mini-projet\vs2015\buckland_chapter7 to 10_raven\release\basegameentity.sbr
c:\users\nat\cloudstation\courses\3eme annee canada\intelligence artificielle pour le jeu video\ex\mini-projet\vs2015\buckland_chapter7 to 10_raven\release\raven_scriptor.sbr
c:\users\nat\cloudstation\courses\3eme annee canada\intelligence artificielle pour le jeu video\ex\mini-projet\vs2015\buckland_chapter7 to 10_raven\release\entitymanager.sbr
c:\users\nat\cloudstation\courses\3eme annee canada\intelligence artificielle pour le jeu video\ex\mini-projet\vs2015\buckland_chapter7 to 10_raven\release\gravemarkers.sbr
c:\users\nat\cloudstation\courses\3eme annee canada\intelligence artificielle pour le jeu video\ex\mini-projet\vs2015\buckland_chapter7 to 10_raven\release\raven_door.sbr
c:\users\nat\cloudstation\courses\3eme annee canada\intelligence artificielle pour le jeu video\ex\mini-projet\vs2015\buckland_chapter7 to 10_raven\release\raven_useroptions.sbr
c:\users\nat\cloudstation\courses\3eme annee canada\intelligence artificielle pour le jeu video\ex\mini-projet\vs2015\buckland_chapter7 to 10_raven\release\raven_useroptions.obj
c:\users\nat\cloudstation\courses\3eme annee canada\intelligence artificielle pour le jeu video\ex\mini-projet\vs2015\buckland_chapter7 to 10_raven\release\raven_door.obj
c:\users\nat\cloudstation\courses\3eme annee canada\intelligence artificielle pour le jeu video\ex\mini-projet\vs2015\buckland_chapter7 to 10_raven\release\gravemarkers.obj
c:\users\nat\cloudstation\courses\3eme annee canada\intelligence artificielle pour le jeu video\ex\mini-projet\vs2015\buckland_chapter7 to 10_raven\release\entitymanager.obj
c:\users\nat\cloudstation\courses\3eme annee canada\intelligence artificielle pour le jeu video\ex\mini-projet\vs2015\buckland_chapter7 to 10_raven\release\raven_scriptor.obj
c:\users\nat\cloudstation\courses\3eme annee canada\intelligence artificielle pour le jeu video\ex\mini-projet\vs2015\buckland_chapter7 to 10_raven\release\basegameentity.obj
c:\users\nat\cloudstation\courses\3eme annee canada\intelligence artificielle pour le jeu video\ex\mini-projet\vs2015\buckland_chapter7 to 10_raven\release\raven_projectile.obj
c:\users\nat\cloudstation\courses\3eme annee canada\intelligence artificielle pour le jeu video\ex\mini-projet\vs2015\buckland_chapter7 to 10_raven\release\projectile_slug.obj
c:\users\nat\cloudstation\courses\3eme annee canada\intelligence artificielle pour le jeu video\ex\mini-projet\vs2015\buckland_chapter7 to 10_raven\release\projectile_rocket.obj
c:\users\nat\cloudstation\courses\3eme annee canada\intelligence artificielle pour le jeu video\ex\mini-projet\vs2015\buckland_chapter7 to 10_raven\release\projectile_pellet.obj
c:\users\nat\cloudstation\courses\3eme annee canada\intelligence artificielle pour le jeu video\ex\mini-projet\vs2015\buckland_chapter7 to 10_raven\release\projectile_bolt.obj
c:\users\nat\cloudstation\courses\3eme annee canada\intelligence artificielle pour le jeu video\ex\mini-projet\vs2015\buckland_chapter7 to 10_raven\release\weapon_shotgun.obj
c:\users\nat\cloudstation\courses\3eme annee canada\intelligence artificielle pour le jeu video\ex\mini-projet\vs2015\buckland_chapter7 to 10_raven\release\weapon_rocketlauncher.obj
c:\users\nat\cloudstation\courses\3eme annee canada\intelligence artificielle pour le jeu video\ex\mini-projet\vs2015\buckland_chapter7 to 10_raven\release\weapon_railgun.obj
c:\users\nat\cloudstation\courses\3eme annee canada\intelligence artificielle pour le jeu video\ex\mini-projet\vs2015\buckland_chapter7 to 10_raven\release\weapon_blaster.obj
c:\users\nat\cloudstation\courses\3eme annee canada\intelligence artificielle pour le jeu video\ex\mini-projet\vs2015\buckland_chapter7 to 10_raven\release\raven_weapon.obj
c:\users\nat\cloudstation\courses\3eme annee canada\intelligence artificielle pour le jeu video\ex\mini-projet\vs2015\buckland_chapter7 to 10_raven\release\raven_map.obj
c:\users\nat\cloudstation\courses\3eme annee canada\intelligence artificielle pour le jeu video\ex\mini-projet\vs2015\buckland_chapter7 to 10_raven\release\raven_game.obj
c:\users\nat\cloudstation\courses\3eme annee canada\intelligence artificielle pour le jeu video\ex\mini-projet\vs2015\buckland_chapter7 to 10_raven\release\raven_bot.obj
c:\users\nat\cloudstation\courses\3eme annee canada\intelligence artificielle pour le jeu video\ex\mini-projet\vs2015\buckland_chapter7 to 10_raven\release\main.obj
c:\users\nat\cloudstation\courses\3eme annee canada\intelligence artificielle pour le jeu video\ex\mini-projet\vs2015\buckland_chapter7 to 10_raven\release\raven_goal_types.sbr
c:\users\nat\cloudstation\courses\3eme annee canada\intelligence artificielle pour le jeu video\ex\mini-projet\vs2015\buckland_chapter7 to 10_raven\release\goal_adjustrange.sbr
c:\users\nat\cloudstation\courses\3eme annee canada\intelligence artificielle pour le jeu video\ex\mini-projet\vs2015\buckland_chapter7 to 10_raven\release\goal_attacktarget.sbr
c:\users\nat\cloudstation\courses\3eme annee canada\intelligence artificielle pour le jeu video\ex\mini-projet\vs2015\buckland_chapter7 to 10_raven\release\goal_explore.sbr
c:\users\nat\cloudstation\courses\3eme annee canada\intelligence artificielle pour le jeu video\ex\mini-projet\vs2015\buckland_chapter7 to 10_raven\release\goal_followpath.sbr
c:\users\nat\cloudstation\courses\3eme annee canada\intelligence artificielle pour le jeu video\ex\mini-projet\vs2015\buckland_chapter7 to 10_raven\release\goal_getitem.sbr
c:\users\nat\cloudstation\courses\3eme annee canada\intelligence artificielle pour le jeu video\ex\mini-projet\vs2015\buckland_chapter7 to 10_raven\release\goal_hunttarget.sbr
c:\users\nat\cloudstation\courses\3eme annee canada\intelligence artificielle pour le jeu video\ex\mini-projet\vs2015\buckland_chapter7 to 10_raven\release\goal_movetoposition.sbr
c:\users\nat\cloudstation\courses\3eme annee canada\intelligence artificielle pour le jeu video\ex\mini-projet\vs2015\buckland_chapter7 to 10_raven\release\goal_negotiatedoor.sbr
c:\users\nat\cloudstation\courses\3eme annee canada\intelligence artificielle pour le jeu video\ex\mini-projet\vs2015\buckland_chapter7 to 10_raven\release\goal_think.sbr
c:\users\nat\cloudstation\courses\3eme annee canada\intelligence artificielle pour le jeu video\ex\mini-projet\vs2015\buckland_chapter7 to 10_raven\release\attacktargetgoal_evaluator.sbr
c:\users\nat\cloudstation\courses\3eme annee canada\intelligence artificielle pour le jeu video\ex\mini-projet\vs2015\buckland_chapter7 to 10_raven\release\exploregoal_evaluator.sbr
c:\users\nat\cloudstation\courses\3eme annee canada\intelligence artificielle pour le jeu video\ex\mini-projet\vs2015\buckland_chapter7 to 10_raven\release\gethealthgoal_evaluator.sbr
c:\users\nat\cloudstation\courses\3eme annee canada\intelligence artificielle pour le jeu video\ex\mini-projet\vs2015\buckland_chapter7 to 10_raven\release\getweapongoal_evaluator.sbr
c:\users\nat\cloudstation\courses\3eme annee canada\intelligence artificielle pour le jeu video\ex\mini-projet\vs2015\buckland_chapter7 to 10_raven\release\raven_feature.sbr
c:\users\nat\cloudstation\courses\3eme annee canada\intelligence artificielle pour le jeu video\ex\mini-projet\vs2015\buckland_chapter7 to 10_raven\release\goal_dodgesidetoside.sbr
c:\users\nat\cloudstation\courses\3eme annee canada\intelligence artificielle pour le jeu video\ex\mini-projet\vs2015\buckland_chapter7 to 10_raven\release\goal_sayphrase.sbr
c:\users\nat\cloudstation\courses\3eme annee canada\intelligence artificielle pour le jeu video\ex\mini-projet\vs2015\buckland_chapter7 to 10_raven\release\goal_seektoposition.sbr
c:\users\nat\cloudstation\courses\3eme annee canada\intelligence artificielle pour le jeu video\ex\mini-projet\vs2015\buckland_chapter7 to 10_raven\release\goal_traverseedge.sbr
c:\users\nat\cloudstation\courses\3eme annee canada\intelligence artificielle pour le jeu video\ex\mini-projet\vs2015\buckland_chapter7 to 10_raven\release\goal_wander.sbr
c:\users\nat\cloudstation\courses\3eme annee canada\intelligence artificielle pour le jeu video\ex\mini-projet\vs2015\buckland_chapter7 to 10_raven\release\goal_wander.obj
c:\users\nat\cloudstation\courses\3eme annee canada\intelligence artificielle pour le jeu video\ex\mini-projet\vs2015\buckland_chapter7 to 10_raven\release\goal_traverseedge.obj
c:\users\nat\cloudstation\courses\3eme annee canada\intelligence artificielle pour le jeu video\ex\mini-projet\vs2015\buckland_chapter7 to 10_raven\release\goal_seektoposition.obj
c:\users\nat\cloudstation\courses\3eme annee canada\intelligence artificielle pour le jeu video\ex\mini-projet\vs2015\buckland_chapter7 to 10_raven\release\goal_sayphrase.obj
c:\users\nat\cloudstation\courses\3eme annee canada\intelligence artificielle pour le jeu video\ex\mini-projet\vs2015\buckland_chapter7 to 10_raven\release\goal_dodgesidetoside.obj
c:\users\nat\cloudstation\courses\3eme annee canada\intelligence artificielle pour le jeu video\ex\mini-projet\vs2015\buckland_chapter7 to 10_raven\release\raven_feature.obj
c:\users\nat\cloudstation\courses\3eme annee canada\intelligence artificielle pour le jeu video\ex\mini-projet\vs2015\buckland_chapter7 to 10_raven\release\getweapongoal_evaluator.obj
c:\users\nat\cloudstation\courses\3eme annee canada\intelligence artificielle pour le jeu video\ex\mini-projet\vs2015\buckland_chapter7 to 10_raven\release\gethealthgoal_evaluator.obj
c:\users\nat\cloudstation\courses\3eme annee canada\intelligence artificielle pour le jeu video\ex\mini-projet\vs2015\buckland_chapter7 to 10_raven\release\exploregoal_evaluator.obj
c:\users\nat\cloudstation\courses\3eme annee canada\intelligence artificielle pour le jeu video\ex\mini-projet\vs2015\buckland_chapter7 to 10_raven\release\attacktargetgoal_evaluator.obj
c:\users\nat\cloudstation\courses\3eme annee canada\intelligence artificielle pour le jeu video\ex\mini-projet\vs2015\buckland_chapter7 to 10_raven\release\goal_think.obj
c:\users\nat\cloudstation\courses\3eme annee canada\intelligence artificielle pour le jeu video\ex\mini-projet\vs2015\buckland_chapter7 to 10_raven\release\goal_negotiatedoor.obj
c:\users\nat\cloudstation\courses\3eme annee canada\intelligence artificielle pour le jeu video\ex\mini-projet\vs2015\buckland_chapter7 to 10_raven\release\goal_movetoposition.obj
c:\users\nat\cloudstation\courses\3eme annee canada\intelligence artificielle pour le jeu video\ex\mini-projet\vs2015\buckland_chapter7 to 10_raven\release\goal_hunttarget.obj
c:\users\nat\cloudstation\courses\3eme annee canada\intelligence artificielle pour le jeu video\ex\mini-projet\vs2015\buckland_chapter7 to 10_raven\release\goal_getitem.obj
c:\users\nat\cloudstation\courses\3eme annee canada\intelligence artificielle pour le jeu video\ex\mini-projet\vs2015\buckland_chapter7 to 10_raven\release\goal_followpath.obj
c:\users\nat\cloudstation\courses\3eme annee canada\intelligence artificielle pour le jeu video\ex\mini-projet\vs2015\buckland_chapter7 to 10_raven\release\goal_explore.obj
c:\users\nat\cloudstation\courses\3eme annee canada\intelligence artificielle pour le jeu video\ex\mini-projet\vs2015\buckland_chapter7 to 10_raven\release\goal_attacktarget.obj
c:\users\nat\cloudstation\courses\3eme annee canada\intelligence artificielle pour le jeu video\ex\mini-projet\vs2015\buckland_chapter7 to 10_raven\release\goal_adjustrange.obj
c:\users\nat\cloudstation\courses\3eme annee canada\intelligence artificielle pour le jeu video\ex\mini-projet\vs2015\buckland_chapter7 to 10_raven\release\raven_goal_types.obj
c:\users\nat\cloudstation\courses\3eme annee canada\intelligence artificielle pour le jeu video\ex\mini-projet\vs2015\buckland_chapter7 to 10_raven\release\fuzzymodule.sbr
c:\users\nat\cloudstation\courses\3eme annee canada\intelligence artificielle pour le jeu video\ex\mini-projet\vs2015\buckland_chapter7 to 10_raven\release\fuzzyoperators.sbr
c:\users\nat\cloudstation\courses\3eme annee canada\intelligence artificielle pour le jeu video\ex\mini-projet\vs2015\buckland_chapter7 to 10_raven\release\fuzzyvariable.sbr
c:\users\nat\cloudstation\courses\3eme annee canada\intelligence artificielle pour le jeu video\ex\mini-projet\vs2015\buckland_chapter7 to 10_raven\release\fuzzyset_leftshoulder.sbr
c:\users\nat\cloudstation\courses\3eme annee canada\intelligence artificielle pour le jeu video\ex\mini-projet\vs2015\buckland_chapter7 to 10_raven\release\fuzzyset_rightshoulder.sbr
c:\users\nat\cloudstation\courses\3eme annee canada\intelligence artificielle pour le jeu video\ex\mini-projet\vs2015\buckland_chapter7 to 10_raven\release\fuzzyset_singleton.sbr
c:\users\nat\cloudstation\courses\3eme annee canada\intelligence artificielle pour le jeu video\ex\mini-projet\vs2015\buckland_chapter7 to 10_raven\release\fuzzyset_triangle.sbr
c:\users\nat\cloudstation\courses\3eme annee canada\intelligence artificielle pour le jeu video\ex\mini-projet\vs2015\buckland_chapter7 to 10_raven\release\raven_pathplanner.sbr
c:\users\nat\cloudstation\courses\3eme annee canada\intelligence artificielle pour le jeu video\ex\mini-projet\vs2015\buckland_chapter7 to 10_raven\release\raven_steeringbehaviors.sbr
c:\users\nat\cloudstation\courses\3eme annee canada\intelligence artificielle pour le jeu video\ex\mini-projet\vs2015\buckland_chapter7 to 10_raven\release\messagedispatcher.sbr
c:\users\nat\cloudstation\courses\3eme annee canada\intelligence artificielle pour le jeu video\ex\mini-projet\vs2015\buckland_chapter7 to 10_raven\release\raven_sensorymemory.sbr
c:\users\nat\cloudstation\courses\3eme annee canada\intelligence artificielle pour le jeu video\ex\mini-projet\vs2015\buckland_chapter7 to 10_raven\release\trigger_healthgiver.sbr
c:\users\nat\cloudstation\courses\3eme annee canada\intelligence artificielle pour le jeu video\ex\mini-projet\vs2015\buckland_chapter7 to 10_raven\release\trigger_soundnotify.sbr
c:\users\nat\cloudstation\courses\3eme annee canada\intelligence artificielle pour le jeu video\ex\mini-projet\vs2015\buckland_chapter7 to 10_raven\release\trigger_weapongiver.sbr
c:\users\nat\cloudstation\courses\3eme annee canada\intelligence artificielle pour le jeu video\ex\mini-projet\vs2015\buckland_chapter7 to 10_raven\release\raven_weaponsystem.sbr
c:\users\nat\cloudstation\courses\3eme annee canada\intelligence artificielle pour le jeu video\ex\mini-projet\vs2015\buckland_chapter7 to 10_raven\release\raven_targetingsystem.sbr
c:\users\nat\cloudstation\courses\3eme annee canada\intelligence artificielle pour le jeu video\ex\mini-projet\vs2015\buckland_chapter7 to 10_raven\release\cgdi.sbr
c:\users\nat\cloudstation\courses\3eme annee canada\intelligence artificielle pour le jeu video\ex\mini-projet\vs2015\buckland_chapter7 to 10_raven\release\crudetimer.sbr
c:\users\nat\cloudstation\courses\3eme annee canada\intelligence artificielle pour le jeu video\ex\mini-projet\vs2015\buckland_chapter7 to 10_raven\release\debugconsole.sbr
c:\users\nat\cloudstation\courses\3eme annee canada\intelligence artificielle pour le jeu video\ex\mini-projet\vs2015\buckland_chapter7 to 10_raven\release\framecounter.sbr
c:\users\nat\cloudstation\courses\3eme annee canada\intelligence artificielle pour le jeu video\ex\mini-projet\vs2015\buckland_chapter7 to 10_raven\release\framecounter.obj
c:\users\nat\cloudstation\courses\3eme annee canada\intelligence artificielle pour le jeu video\ex\mini-projet\vs2015\buckland_chapter7 to 10_raven\release\debugconsole.obj
c:\users\nat\cloudstation\courses\3eme annee canada\intelligence artificielle pour le jeu video\ex\mini-projet\vs2015\buckland_chapter7 to 10_raven\release\crudetimer.obj
c:\users\nat\cloudstation\courses\3eme annee canada\intelligence artificielle pour le jeu video\ex\mini-projet\vs2015\buckland_chapter7 to 10_raven\release\cgdi.obj
c:\users\nat\cloudstation\courses\3eme annee canada\intelligence artificielle pour le jeu video\ex\mini-projet\vs2015\buckland_chapter7 to 10_raven\release\raven_targetingsystem.obj
c:\users\nat\cloudstation\courses\3eme annee canada\intelligence artificielle pour le jeu video\ex\mini-projet\vs2015\buckland_chapter7 to 10_raven\release\raven_weaponsystem.obj
c:\users\nat\cloudstation\courses\3eme annee canada\intelligence artificielle pour le jeu video\ex\mini-projet\vs2015\buckland_chapter7 to 10_raven\release\trigger_weapongiver.obj
c:\users\nat\cloudstation\courses\3eme annee canada\intelligence artificielle pour le jeu video\ex\mini-projet\vs2015\buckland_chapter7 to 10_raven\release\trigger_soundnotify.obj
c:\users\nat\cloudstation\courses\3eme annee canada\intelligence artificielle pour le jeu video\ex\mini-projet\vs2015\buckland_chapter7 to 10_raven\release\trigger_healthgiver.obj
c:\users\nat\cloudstation\courses\3eme annee canada\intelligence artificielle pour le jeu video\ex\mini-projet\vs2015\buckland_chapter7 to 10_raven\release\raven_sensorymemory.obj
c:\users\nat\cloudstation\courses\3eme annee canada\intelligence artificielle pour le jeu video\ex\mini-projet\vs2015\buckland_chapter7 to 10_raven\release\messagedispatcher.obj
c:\users\nat\cloudstation\courses\3eme annee canada\intelligence artificielle pour le jeu video\ex\mini-projet\vs2015\buckland_chapter7 to 10_raven\release\raven_steeringbehaviors.obj
c:\users\nat\cloudstation\courses\3eme annee canada\intelligence artificielle pour le jeu video\ex\mini-projet\vs2015\buckland_chapter7 to 10_raven\release\raven_pathplanner.obj
c:\users\nat\cloudstation\courses\3eme annee canada\intelligence artificielle pour le jeu video\ex\mini-projet\vs2015\buckland_chapter7 to 10_raven\release\fuzzyset_triangle.obj
c:\users\nat\cloudstation\courses\3eme annee canada\intelligence artificielle pour le jeu video\ex\mini-projet\vs2015\buckland_chapter7 to 10_raven\release\fuzzyset_singleton.obj
c:\users\nat\cloudstation\courses\3eme annee canada\intelligence artificielle pour le jeu video\ex\mini-projet\vs2015\buckland_chapter7 to 10_raven\release\fuzzyset_rightshoulder.obj
c:\users\nat\cloudstation\courses\3eme annee canada\intelligence artificielle pour le jeu video\ex\mini-projet\vs2015\buckland_chapter7 to 10_raven\release\fuzzyset_leftshoulder.obj
c:\users\nat\cloudstation\courses\3eme annee canada\intelligence artificielle pour le jeu video\ex\mini-projet\vs2015\buckland_chapter7 to 10_raven\release\fuzzyvariable.obj
c:\users\nat\cloudstation\courses\3eme annee canada\intelligence artificielle pour le jeu video\ex\mini-projet\vs2015\buckland_chapter7 to 10_raven\release\fuzzyoperators.obj
c:\users\nat\cloudstation\courses\3eme annee canada\intelligence artificielle pour le jeu video\ex\mini-projet\vs2015\buckland_chapter7 to 10_raven\release\fuzzymodule.obj
c:\users\nat\cloudstation\courses\3eme annee canada\intelligence artificielle pour le jeu video\ex\mini-projet\vs2015\buckland_chapter7 to 10_raven\release\precisiontimer.sbr
c:\users\nat\cloudstation\courses\3eme annee canada\intelligence artificielle pour le jeu video\ex\mini-projet\vs2015\buckland_chapter7 to 10_raven\release\vector2d.sbr
c:\users\nat\cloudstation\courses\3eme annee canada\intelligence artificielle pour le jeu video\ex\mini-projet\vs2015\buckland_chapter7 to 10_raven\release\windowutils.sbr
c:\users\nat\cloudstation\courses\3eme annee canada\intelligence artificielle pour le jeu video\ex\mini-projet\vs2015\buckland_chapter7 to 10_raven\release\windowutils.obj
c:\users\nat\cloudstation\courses\3eme annee canada\intelligence artificielle pour le jeu video\ex\mini-projet\vs2015\buckland_chapter7 to 10_raven\release\vector2d.obj
c:\users\nat\cloudstation\courses\3eme annee canada\intelligence artificielle pour le jeu video\ex\mini-projet\vs2015\buckland_chapter7 to 10_raven\release\precisiontimer.obj
c:\users\nat\cloudstation\courses\3eme annee canada\intelligence artificielle pour le jeu video\ex\mini-projet\vs2015\buckland_chapter7 to 10_raven\release\raven.exe
c:\users\nat\cloudstation\courses\3eme annee canada\intelligence artificielle pour le jeu video\ex\mini-projet\vs2015\buckland_chapter7 to 10_raven\release\raven.pdb
c:\users\nat\cloudstation\courses\3eme annee canada\intelligence artificielle pour le jeu video\ex\mini-projet\vs2015\buckland_chapter7 to 10_raven\release\script1.res
c:\users\nat\cloudstation\courses\3eme annee canada\intelligence artificielle pour le jeu video\ex\mini-projet\vs2015\buckland_chapter7 to 10_raven\release\raven.bsc
c:\users\nat\cloudstation\courses\3eme annee canada\intelligence artificielle pour le jeu video\ex\mini-projet\vs2015\buckland_chapter7 to 10_raven\.\release\raven.exe
c:\users\nat\cloudstation\courses\3eme annee canada\intelligence artificielle pour le jeu video\ex\mini-projet\vs2015\buckland_chapter7 to 10_raven\release\raven.tlog\bscmake.command.1.tlog
c:\users\nat\cloudstation\courses\3eme annee canada\intelligence artificielle pour le jeu video\ex\mini-projet\vs2015\buckland_chapter7 to 10_raven\release\raven.tlog\bscmake.read.1.tlog
c:\users\nat\cloudstation\courses\3eme annee canada\intelligence artificielle pour le jeu video\ex\mini-projet\vs2015\buckland_chapter7 to 10_raven\release\raven.tlog\bscmake.write.1.tlog
c:\users\nat\cloudstation\courses\3eme annee canada\intelligence artificielle pour le jeu video\ex\mini-projet\vs2015\buckland_chapter7 to 10_raven\release\raven.tlog\cl.command.1.tlog
c:\users\nat\cloudstation\courses\3eme annee canada\intelligence artificielle pour le jeu video\ex\mini-projet\vs2015\buckland_chapter7 to 10_raven\release\raven.tlog\cl.read.1.tlog
c:\users\nat\cloudstation\courses\3eme annee canada\intelligence artificielle pour le jeu video\ex\mini-projet\vs2015\buckland_chapter7 to 10_raven\release\raven.tlog\cl.write.1.tlog
c:\users\nat\cloudstation\courses\3eme annee canada\intelligence artificielle pour le jeu video\ex\mini-projet\vs2015\buckland_chapter7 to 10_raven\release\raven.tlog\link.command.1.tlog
c:\users\nat\cloudstation\courses\3eme annee canada\intelligence artificielle pour le jeu video\ex\mini-projet\vs2015\buckland_chapter7 to 10_raven\release\raven.tlog\link.read.1.tlog
c:\users\nat\cloudstation\courses\3eme annee canada\intelligence artificielle pour le jeu video\ex\mini-projet\vs2015\buckland_chapter7 to 10_raven\release\raven.tlog\link.write.1.tlog
c:\users\nat\cloudstation\courses\3eme annee canada\intelligence artificielle pour le jeu video\ex\mini-projet\vs2015\buckland_chapter7 to 10_raven\release\raven.tlog\rc.command.1.tlog
c:\users\nat\cloudstation\courses\3eme annee canada\intelligence artificielle pour le jeu video\ex\mini-projet\vs2015\buckland_chapter7 to 10_raven\release\raven.tlog\rc.read.1.tlog
c:\users\nat\cloudstation\courses\3eme annee canada\intelligence artificielle pour le jeu video\ex\mini-projet\vs2015\buckland_chapter7 to 10_raven\release\raven.tlog\rc.write.1.tlog
